{"/Users/alexgalhardo/projects/api.ledger.alexgalhardo.com/src/validators/create-account.validator.ts": {"path":"/Users/alexgalhardo/projects/api.ledger.alexgalhardo.com/src/validators/create-account.validator.ts","statementMap":{"0":{"start":{"line":1,"column":0},"end":{"line":1,"column":24}},"1":{"start":{"line":3,"column":31},"end":{"line":13,"column":2}},"2":{"start":{"line":9,"column":25},"end":{"line":9,"column":42}},"3":{"start":{"line":10,"column":25},"end":{"line":10,"column":42}},"4":{"start":{"line":11,"column":25},"end":{"line":11,"column":42}},"5":{"start":{"line":12,"column":25},"end":{"line":12,"column":59}},"6":{"start":{"line":15,"column":0},"end":{"line":15,"column":38}}},"fnMap":{"0":{"name":"(anonymous_0)","decl":{"start":{"line":9,"column":16},"end":{"line":9,"column":17}},"loc":{"start":{"line":9,"column":25},"end":{"line":9,"column":42}}},"1":{"name":"(anonymous_1)","decl":{"start":{"line":10,"column":16},"end":{"line":10,"column":17}},"loc":{"start":{"line":10,"column":25},"end":{"line":10,"column":42}}},"2":{"name":"(anonymous_2)","decl":{"start":{"line":11,"column":16},"end":{"line":11,"column":17}},"loc":{"start":{"line":11,"column":25},"end":{"line":11,"column":42}}},"3":{"name":"(anonymous_3)","decl":{"start":{"line":12,"column":16},"end":{"line":12,"column":17}},"loc":{"start":{"line":12,"column":25},"end":{"line":12,"column":59}}}},"branchMap":{},"s":{"0":1,"1":1,"2":0,"3":0,"4":0,"5":0,"6":1},"f":{"0":0,"1":0,"2":0,"3":0},"b":{}}
}
